[35m[Appium][39m Welcome to Appium v1.21.0
[35m[Appium][39m Non-default server args:
[35m[Appium][39m   port: 56913
[35m[Appium][39m   loglevel: info
[35m[Appium][39m   tmpDir: C:\Users\SAFANY~1\AppData\Local\Temp\\Katalon\Appium\Temp1715084635771
[35m[Appium][39m Appium REST http interface listener started on 0.0.0.0:56913
[35m[HTTP][39m [37m-->[39m [37mGET[39m [37m/wd/hub/status[39m
[35m[HTTP][39m [90m{}[39m
[35m[HTTP][39m [37m<-- GET /wd/hub/status [39m[32m200[39m [90m4 ms - 68[39m
[35m[HTTP][39m [90m[39m
[35m[HTTP][39m [37m-->[39m [37mGET[39m [37m/wd/hub/status[39m
[35m[HTTP][39m [90m{}[39m
[35m[HTTP][39m [37m<-- GET /wd/hub/status [39m[32m200[39m [90m1 ms - 68[39m
[35m[HTTP][39m [90m[39m
[35m[HTTP][39m [37m-->[39m [37mPOST[39m [37m/wd/hub/session[39m
[35m[HTTP][39m [90m{"desiredCapabilities":{"appPackage":"com.onesobhaapp","appWaitActivity":"com.onesobhaapp.MainActivity","appPath":"C:\\Users\\SafanYaqoob\\Katalon Studio\\25_Tcases\\androidapp\\Sobha-UAT-POA 1.apk","deviceId":"","deviceName":"samsung SM-T515 (Android 11)","appActivity":".Settings","device Name":"Android","newCommandTimeout":1800,"platformVersion":"11","automationName":"uiautomator2","autoGrantPermissions":true,"platformName":"Android","udid":"R52MA0ASNSP","systemPort":8224},"capabilities":{"firstMatch":[{"appium:appActivity":".Settings","appium:appPackage":"com.onesobhaapp","appPath":"C:\\Users\\SafanYaqoob\\Katalon Studio\\25_Tcases\\androidapp\\Sobha-UAT-POA 1.apk","appium:appWaitActivity":"com.onesobhaapp.MainActivity","appium:autoGrantPermissions":true,"appium:automationName":"uiautomator2","device Name":"Android","deviceId":"","appium:deviceName":"samsung SM-T515 (Android 11)","appium:newCommandTimeout":1800,"platformName":"android","appium:platformVersion":"11","appium:systemPort":8224,"appium:udid"...[39m
[35m[BaseDriver][39m The following capabilities are not standard capabilities and should have an extension prefix:
[35m[BaseDriver][39m   appPath
[35m[BaseDriver][39m   device Name
[35m[BaseDriver][39m   deviceId
[35m[Appium][39m Appium v1.21.0 creating new AndroidUiautomator2Driver (v1.65.0) session
[35m[BaseDriver][39m The following capabilities were provided, but are not recognized by Appium:
[35m[BaseDriver][39m   appPath
[35m[BaseDriver][39m   device Name
[35m[BaseDriver][39m   deviceId
[35m[BaseDriver][39m Session created with session id: a41fd155-b737-46ad-8ce2-90a53292818b
[35m[UiAutomator2][39m Starting 'com.onesobhaapp' directly on the device
[35m[ADB][39m Found 1 'build-tools' folders under 'C:\Users\SafanYaqoob\.katalon\tools\android_sdk' (newest first):
[35m[ADB][39m     C:/Users/SafanYaqoob/.katalon/tools/android_sdk/build-tools/29.0.3
[35m[ADB][39m Using 'adb.exe' from 'C:\Users\SafanYaqoob\.katalon\tools\android_sdk\platform-tools\adb.exe'
[35m[AndroidDriver][39m Retrieving device list
[35m[AndroidDriver][39m Using device: R52MA0ASNSP
[35m[ADB][39m Using 'adb.exe' from 'C:\Users\SafanYaqoob\.katalon\tools\android_sdk\platform-tools\adb.exe'
[35m[ADB][39m Getting device platform version
[35m[UiAutomator2][39m Relaxing hidden api policy
[35m[AndroidDriver][39m No app sent in, not parsing package/activity
[35m[ADB][39m Using 'apksigner.jar' from 'C:\Users\SafanYaqoob\.katalon\tools\android_sdk\build-tools\29.0.3\lib\apksigner.jar'
[35m[ADB][39m 'C:\Users\SafanYaqoob\AppData\Roaming\npm\node_modules\appium\node_modules\appium-uiautomator2-server\apks\appium-uiautomator2-server-v4.21.1.apk' is signed with the default certificate
[35m[ADB][39m 'C:\Users\SafanYaqoob\AppData\Roaming\npm\node_modules\appium\node_modules\appium-uiautomator2-server\apks\appium-uiautomator2-server-debug-androidTest.apk' is signed with the default certificate
[35m[UiAutomator2][39m Server packages are not going to be (re)installed
[35m[ADB][39m Adding packages ["io.appium.settings","io.appium.uiautomator2.server","io.appium.uiautomator2.server.test"] to Doze whitelist
[35m[UiAutomator2][39m Starting UIAutomator2 server 4.21.1
[35m[UiAutomator2][39m Using UIAutomator2 server from 'C:\Users\SafanYaqoob\AppData\Roaming\npm\node_modules\appium\node_modules\appium-uiautomator2-server\apks\appium-uiautomator2-server-v4.21.1.apk' and test from 'C:\Users\SafanYaqoob\AppData\Roaming\npm\node_modules\appium\node_modules\appium-uiautomator2-server\apks\appium-uiautomator2-server-debug-androidTest.apk'
[35m[UiAutomator2][39m Waiting up to 30000ms for UiAutomator2 to be online...
[35m[WD Proxy][39m socket hang up
[35m[WD Proxy][39m socket hang up
[35m[WD Proxy][39m socket hang up
[35m[WD Proxy][39m socket hang up
[35m[WD Proxy][39m socket hang up
[35m[WD Proxy][39m Determined the downstream protocol as 'W3C'
[35m[AndroidDriver][39m Screen already unlocked, doing nothing
[35m[UiAutomator2][39m Starting 'com.onesobhaapp/.Settings and waiting for 'com.onesobhaapp/com.onesobhaapp.MainActivity'
[35m[UiAutomator2][39m Restoring hidden api policy to the device default configuration
[35m[HTTP][39m [37m<-- POST /wd/hub/session [39m[31m500[39m [90m13660 ms - 1229[39m
[35m[HTTP][39m [90m[39m
